================================================================================
== Profile: REAL-TIME, CPU-freq = 0.00 GHz
                                                          Calls Real-Time  Parent 
                                                                   (secs) fraction

    <zixl_543IiP35>~_zixl                                                1 49309437168.0 (100.0%)
  zixl_z57-ZAiL~_zixl                                                    1 49309437168.0         
    zixl_iSe2-4IPr155~_zixl                                              1 3401155555.0 (  6.9%)
      zixl_tP42-1eAyPIA2iPL~_zixl                                        1 1992941002.0 ( 58.6%)
        zixl_tP42-ZAiL~_zixl                                             1 1207877477.0 ( 60.6%)
          zixl_bgV-NIAL5eA2iPL~_zixl                                     1 348605726.0 ( 28.9%)
            zixl_iSe2-2IAL5eA21-tePq~_zixl                               1 36469394.0 ( 10.5%)
              zixl_2IAL5eA2iLq~_zixl                                     1 36149294.0 ( 99.1%)
                zixl_2IAL5eA21-tePq~_zixl                                1 2444909.0 (  6.8%)
                <zixl_I152>~_zixl                                          33678672.0 ( 93.2%)
            zixl_V91rdrP41 [R]~_zixl                                    21 22568810.0 (  6.5%)
            <zixl_I152>~_zixl                                              289567522.0 ( 83.1%)
          zixl_eiL2-4I1-1eAy-rAeeyAr8~_zixl                              7 60869370.0 (  5.0%)
            zixl_V91rdrP41 [E]~_zixl                                     9 2388358.0 (  3.9%)
            <zixl_I152>~_zixl                                              58481012.0 ( 96.1%)
          <zixl_I152>~_zixl                                                797325029.0 ( 66.0%)
        <zixl_I152>~_zixl                                                  785063525.0 ( 39.4%)
      zixl_bgV-I152PI1-UPI8-ZA44iLq~_zixl                                1 434549791.0 ( 12.8%)
      zixl_5At1-tP42-SA2A~_zixl                                          1 132532218.0 (  3.9%)
        zixl_iSe2-5At1~_zixl                                             1 132513205.0 (100.0%)
          zixl_4rSy-5At1-iL21IZ1SiA21~_zixl                              1 35545228.0 ( 26.8%)
          zixl_42-5At1~_zixl                                             1 32389257.0 ( 24.4%)
          zixl_iSe2-32q-5At1~_zixl                                       1 31748898.0 ( 24.0%)
          <zixl_I152>~_zixl                                                32829822.0 ( 24.8%)
      <zixl_I152>~_zixl                                                    818309604.0 ( 24.1%)
    <zixl_I152>~_zixl                                                      45908213494.0 ( 93.1%)


================================================================================
== Profile: PEAK-MEMORY, CPU-freq = 0.00 GHz
                                                          Calls   Peak-Mb         
                                                                                  

