# 
# Questa Static Verification System
# Version 2021.1 4558100 win64 28-Jan-2021

log created Mon Aug  4 01:48:59 2025 by User on DESKTOP-NG8FN4D


# 
# Questa Static Verification System
# Version 2021.1 4558100 win64 28-Jan-2021

log created Mon Aug  4 01:47:18 2025 by User on DESKTOP-NG8FN4D


Command: netlist elaborate
Command arguments:
    -zdb
      D:/GitHub/DigitalDesign_Diploma/Projects/DSP_Project/Linter/qcache/DB/zdb_20
    -tool lint
    -d dsp48a1
    -L work

Questa Debug flags:
 4300:  lint_gui_mode        (Default False)


## Elaborating Design...
Reading MTI mapping for library mapping
Writing all MTI mappings to vmap output ...

Top level modules:
	dsp48a1

Analyzing design...
-- Loading module z0in_work.dsp48a1

Performing 103 Lint Checks
=============================

Lint Stage 1 of 5 - Pre Design Elaboration (4 checks)
------------------------------------------------------
-- Loading module z0in_work.mux_reg
Optimizing 7 design-units (inlining 0/12 module instances):
-- Optimizing module z0in_work.mux_reg(fast)
Lint Stage-1 100% complete [Total Progress -   7%]

Lint Stage 2 of 5 - Design Elaboration (66 checks)
---------------------------------------------------
-- Optimizing module z0in_work.mux_reg(fast__1)
Lint Stage-2  14% complete (1 out of 7 modules checked) [Total Progress -   7%]
-- Optimizing module z0in_work.mux_reg(fast__2)
Lint Stage-2  29% complete (2 out of 7 modules checked) [Total Progress -  10%]
-- Optimizing module z0in_work.mux_reg(fast__3)
Lint Stage-2  43% complete (3 out of 7 modules checked) [Total Progress -  12%]
-- Optimizing module z0in_work.mux_reg(fast__4)
Lint Stage-2  57% complete (4 out of 7 modules checked) [Total Progress -  15%]
-- Optimizing module z0in_work.mux_reg(fast__5)
Lint Stage-2  71% complete (5 out of 7 modules checked) [Total Progress -  17%]
-- Optimizing module z0in_work.dsp48a1(fast)
Lint Stage-2  86% complete (6 out of 7 modules checked) [Total Progress -  20%]
Optimized design name is zi_opt_def_1618236583_1
Lint Stage-2 100% complete (7 out of 7 modules checked) [Total Progress -  23%]
End of log Mon Aug  4 01:47:50 2025


# 
# Questa Static Verification System
# Version 2021.1 4558100 win64 28-Jan-2021

log created Mon Aug  4 01:48:01 2025 by User on DESKTOP-NG8FN4D


Command: netlist create
Command arguments:
    -zdb
      D:/GitHub/DigitalDesign_Diploma/Projects/DSP_Project/Linter/qcache/DB/zdb_20
    -tool lint
    -d dsp48a1
    -L work

Questa Debug flags:
 4300:  lint_gui_mode        (Default False)


## Synthesizing netlist...

Lint Stage 3 of 5 - Post Design Elaboration (17 checks)
--------------------------------------------------------
Lint Stage-3  24% complete [Total Progress -  27%]
Lint Stage-3  47% complete [Total Progress -  29%]
Lint Stage-3  71% complete [Total Progress -  32%]
Lint Stage-3  94% complete [Total Progress -  34%]
Lint Stage-3 100% complete [Total Progress -  35%]
Analyzing designs.
Elaborating module 'mux_reg'.
Elaborating module 'mux_reg(1)'.
Elaborating module 'mux_reg(2)'.
Elaborating module 'mux_reg(3)'.
Elaborating module 'mux_reg(4)'.
Elaborating module 'mux_reg(5)'.
Elaborating module 'dsp48a1'.

Lint Stage 4 of 5 - Design Synthesis (1 checks)
------------------------------------------------
Lint Stage-4 100% complete [Total Progress -  75%]

Lint Stage 5 of 5 - Post Design Synthesis (15 checks)
------------------------------------------------------
Lint Stage-5  20% complete [Total Progress -  88%]
Lint Stage-5  40% complete [Total Progress -  91%]
Lint Stage-5  60% complete [Total Progress -  94%]
Lint Stage-5  80% complete [Total Progress -  97%]
Lint Stage-5 100% complete [Total Progress - 100%]

Lint Checking Completed
##Time Taken (Synthesis) = 6020.000000 ticks = 6.020000 secs

End of log Mon Aug  4 01:48:28 2025


# Reading design database from D:/GitHub/DigitalDesign_Diploma/Projects/DSP_Project/Linter/qcache/LINT/CACHE...completed (0.006 (s)).
End of log Mon Aug  4 01:48:35 2025


# 
# Questa Static Verification System
# Version 2021.1 4558100 win64 28-Jan-2021

log created Mon Aug  4 01:48:35 2025 by User on DESKTOP-NG8FN4D


Questa Debug flags:
 4300:  lint_gui_mode        (Default False)


## Applying Lint Waivers...
Final Process Statistics: Max memory 276MB, CPU time 64s, Total time 77s
End of log Mon Aug  4 01:48:52 2025


Result Summary
-----------------------------------------------------------
Error (0)
-----------------------------------------------------------

-----------------------------------------------------------
Warning (0)
-----------------------------------------------------------

-----------------------------------------------------------
Info (2)
-----------------------------------------------------------
  parameter_name_duplicate                :1
  multi_ports_in_single_line              :1

-----------------------------------------------------------
Resolved (0)
-----------------------------------------------------------

# Generating Debug Information...

=================================================================
To view results in batch
  D:/GitHub/DigitalDesign_Diploma/Projects/DSP_Project/Linter/lint.rpt

To view results in GUI (Beta Version) 
  qverify D:/GitHub/DigitalDesign_Diploma/Projects/DSP_Project/Linter/lint.db
=================================================================
