
*** Running vivado
    with args -log alsu_seq.vdi -applog -m64 -product Vivado -messageDb vivado.pb -mode batch -source alsu_seq.tcl -notrace


****** Vivado v2018.2 (64-bit)
  **** SW Build 2258646 on Thu Jun 14 20:03:12 MDT 2018
  **** IP Build 2256618 on Thu Jun 14 22:10:49 MDT 2018
    ** Copyright 1986-2018 Xilinx, Inc. All Rights Reserved.

source alsu_seq.tcl -notrace
Command: link_design -top alsu_seq -part xc7a35ticpg236-1L
Design is defaulting to srcset: sources_1
Design is defaulting to constrset: constrs_1
INFO: [Netlist 29-17] Analyzing 18 Unisim elements for replacement
INFO: [Netlist 29-28] Unisim Transformation completed in 0 CPU seconds
INFO: [Project 1-479] Netlist was created with Vivado 2018.2
INFO: [Device 21-403] Loading part xc7a35ticpg236-1L
INFO: [Project 1-570] Preparing netlist for logic optimization
Parsing XDC File [D:/GitHub/DigitalDesign_Diploma/Assignments/Ass4/ALSU/Constraints_basys3.xdc]
Finished Parsing XDC File [D:/GitHub/DigitalDesign_Diploma/Assignments/Ass4/ALSU/Constraints_basys3.xdc]
INFO: [Opt 31-138] Pushed 0 inverter(s) to 0 load pin(s).
INFO: [Project 1-111] Unisim Transformation Summary:
No Unisim elements were transformed.

7 Infos, 0 Warnings, 0 Critical Warnings and 0 Errors encountered.
link_design completed successfully
link_design: Time (s): cpu = 00:00:18 ; elapsed = 00:00:21 . Memory (MB): peak = 587.031 ; gain = 337.180
Command: opt_design
Attempting to get a license for feature 'Implementation' and/or device 'xc7a35ti'
INFO: [Common 17-349] Got license for feature 'Implementation' and/or device 'xc7a35ti'
Running DRC as a precondition to command opt_design

Starting DRC Task
INFO: [DRC 23-27] Running DRC with 2 threads
INFO: [Project 1-461] DRC finished with 0 Errors
INFO: [Project 1-462] Please refer to the DRC report (report_drc) for more information.

Time (s): cpu = 00:00:01 ; elapsed = 00:00:01 . Memory (MB): peak = 599.137 ; gain = 12.105

Starting Cache Timing Information Task
INFO: [Timing 38-35] Done setting XDC timing constraints.
Ending Cache Timing Information Task | Checksum: 1e25fa88d

Time (s): cpu = 00:00:12 ; elapsed = 00:00:14 . Memory (MB): peak = 1151.113 ; gain = 551.977

Starting Logic Optimization Task

Phase 1 Retarget
INFO: [Opt 31-138] Pushed 0 inverter(s) to 0 load pin(s).
INFO: [Opt 31-49] Retargeted 0 cell(s).
Phase 1 Retarget | Checksum: 1e25fa88d

Time (s): cpu = 00:00:00 ; elapsed = 00:00:00.150 . Memory (MB): peak = 1151.113 ; gain = 0.000
INFO: [Opt 31-389] Phase Retarget created 0 cells and removed 0 cells

Phase 2 Constant propagation
INFO: [Opt 31-138] Pushed 0 inverter(s) to 0 load pin(s).
Phase 2 Constant propagation | Checksum: 1e25fa88d

Time (s): cpu = 00:00:00 ; elapsed = 00:00:00.161 . Memory (MB): peak = 1151.113 ; gain = 0.000
INFO: [Opt 31-389] Phase Constant propagation created 0 cells and removed 0 cells

Phase 3 Sweep
Phase 3 Sweep | Checksum: 15e13b067

Time (s): cpu = 00:00:00 ; elapsed = 00:00:00.270 . Memory (MB): peak = 1151.113 ; gain = 0.000
INFO: [Opt 31-389] Phase Sweep created 6 cells and removed 0 cells

Phase 4 BUFG optimization
Phase 4 BUFG optimization | Checksum: 15e13b067

Time (s): cpu = 00:00:00 ; elapsed = 00:00:00.298 . Memory (MB): peak = 1151.113 ; gain = 0.000
INFO: [Opt 31-662] Phase BUFG optimization created 0 cells of which 0 are BUFGs and removed 0 cells.

Phase 5 Shift Register Optimization
Phase 5 Shift Register Optimization | Checksum: 25a9136a0

Time (s): cpu = 00:00:00 ; elapsed = 00:00:00.335 . Memory (MB): peak = 1151.113 ; gain = 0.000
INFO: [Opt 31-389] Phase Shift Register Optimization created 0 cells and removed 0 cells

Phase 6 Post Processing Netlist
Phase 6 Post Processing Netlist | Checksum: 25a9136a0

Time (s): cpu = 00:00:00 ; elapsed = 00:00:00.338 . Memory (MB): peak = 1151.113 ; gain = 0.000
INFO: [Opt 31-389] Phase Post Processing Netlist created 0 cells and removed 0 cells

Starting Connectivity Check Task

Time (s): cpu = 00:00:00 ; elapsed = 00:00:00.001 . Memory (MB): peak = 1151.113 ; gain = 0.000
Ending Logic Optimization Task | Checksum: 25a9136a0

Time (s): cpu = 00:00:00 ; elapsed = 00:00:00.342 . Memory (MB): peak = 1151.113 ; gain = 0.000

Starting Power Optimization Task
INFO: [Pwropt 34-132] Skipping clock gating for clocks with a period < 2.00 ns.
Ending Power Optimization Task | Checksum: 25a9136a0

Time (s): cpu = 00:00:00 ; elapsed = 00:00:00.040 . Memory (MB): peak = 1151.113 ; gain = 0.000

Starting Final Cleanup Task
Ending Final Cleanup Task | Checksum: 25a9136a0

Time (s): cpu = 00:00:00 ; elapsed = 00:00:00 . Memory (MB): peak = 1151.113 ; gain = 0.000
INFO: [Common 17-83] Releasing license: Implementation
23 Infos, 0 Warnings, 0 Critical Warnings and 0 Errors encountered.
opt_design completed successfully
opt_design: Time (s): cpu = 00:00:13 ; elapsed = 00:00:16 . Memory (MB): peak = 1151.113 ; gain = 564.082
INFO: [Timing 38-480] Writing timing data to binary archive.
Writing placer database...
Writing XDEF routing.
Writing XDEF routing logical nets.
Writing XDEF routing special nets.
Write XDEF Complete: Time (s): cpu = 00:00:00 ; elapsed = 00:00:00.065 . Memory (MB): peak = 1151.113 ; gain = 0.000
INFO: [Common 17-1381] The checkpoint 'D:/GitHub/DigitalDesign_Diploma/Assignments/Ass4/ALSU/ALSU/ALSU.runs/impl_1/alsu_seq_opt.dcp' has been generated.
INFO: [runtcl-4] Executing : report_drc -file alsu_seq_drc_opted.rpt -pb alsu_seq_drc_opted.pb -rpx alsu_seq_drc_opted.rpx
Command: report_drc -file alsu_seq_drc_opted.rpt -pb alsu_seq_drc_opted.pb -rpx alsu_seq_drc_opted.rpx
INFO: [IP_Flow 19-234] Refreshing IP repositories
INFO: [IP_Flow 19-1704] No user IP repositories specified
INFO: [IP_Flow 19-2313] Loaded Vivado IP repository 'D:/Xilinx/Vivado/2018.2/data/ip'.
INFO: [DRC 23-27] Running DRC with 2 threads
INFO: [Coretcl 2-168] The results of DRC are in file D:/GitHub/DigitalDesign_Diploma/Assignments/Ass4/ALSU/ALSU/ALSU.runs/impl_1/alsu_seq_drc_opted.rpt.
report_drc completed successfully
Command: place_design
Attempting to get a license for feature 'Implementation' and/or device 'xc7a35ti'
INFO: [Common 17-349] Got license for feature 'Implementation' and/or device 'xc7a35ti'
INFO: [DRC 23-27] Running DRC with 2 threads
INFO: [Vivado_Tcl 4-198] DRC finished with 0 Errors
INFO: [Vivado_Tcl 4-199] Please refer to the DRC report (report_drc) for more information.
Running DRC as a precondition to command place_design
INFO: [DRC 23-27] Running DRC with 2 threads
INFO: [Vivado_Tcl 4-198] DRC finished with 0 Errors
INFO: [Vivado_Tcl 4-199] Please refer to the DRC report (report_drc) for more information.

Starting Placer Task
INFO: [Place 30-611] Multithreading enabled for place_design using a maximum of 2 CPUs

Phase 1 Placer Initialization

Phase 1.1 Placer Initialization Netlist Sorting
Netlist sorting complete. Time (s): cpu = 00:00:00 ; elapsed = 00:00:00 . Memory (MB): peak = 1151.113 ; gain = 0.000
Phase 1.1 Placer Initialization Netlist Sorting | Checksum: 193e8b2d3

Time (s): cpu = 00:00:00 ; elapsed = 00:00:00.078 . Memory (MB): peak = 1151.113 ; gain = 0.000
Netlist sorting complete. Time (s): cpu = 00:00:00 ; elapsed = 00:00:00 . Memory (MB): peak = 1151.113 ; gain = 0.000

Phase 1.2 IO Placement/ Clock Placement/ Build Placer Device
INFO: [Timing 38-35] Done setting XDC timing constraints.
Phase 1.2 IO Placement/ Clock Placement/ Build Placer Device | Checksum: 1216e2406

Time (s): cpu = 00:00:01 ; elapsed = 00:00:01 . Memory (MB): peak = 1153.609 ; gain = 2.496

Phase 1.3 Build Placer Netlist Model
Phase 1.3 Build Placer Netlist Model | Checksum: 1f27e82f8

Time (s): cpu = 00:00:01 ; elapsed = 00:00:02 . Memory (MB): peak = 1153.609 ; gain = 2.496

Phase 1.4 Constrain Clocks/Macros
Phase 1.4 Constrain Clocks/Macros | Checksum: 1f27e82f8

Time (s): cpu = 00:00:01 ; elapsed = 00:00:02 . Memory (MB): peak = 1153.609 ; gain = 2.496
Phase 1 Placer Initialization | Checksum: 1f27e82f8

Time (s): cpu = 00:00:01 ; elapsed = 00:00:02 . Memory (MB): peak = 1153.609 ; gain = 2.496

Phase 2 Global Placement

Phase 2.1 Floorplanning
Phase 2.1 Floorplanning | Checksum: 1bcdf2f4a

Time (s): cpu = 00:00:02 ; elapsed = 00:00:02 . Memory (MB): peak = 1153.609 ; gain = 2.496

Phase 2.2 Physical Synthesis In Placer
INFO: [Physopt 32-65] No nets found for high-fanout optimization.
INFO: [Physopt 32-232] Optimized 0 net. Created 0 new instance.
INFO: [Physopt 32-775] End 1 Pass. Optimized 0 net or cell. Created 0 new cell, deleted 0 existing cell and moved 0 existing cell
Netlist sorting complete. Time (s): cpu = 00:00:00 ; elapsed = 00:00:00 . Memory (MB): peak = 1153.609 ; gain = 0.000

Summary of Physical Synthesis Optimizations
============================================


-----------------------------------------------------------------------------------------------------------------------------
|  Optimization       |  Added Cells  |  Removed Cells  |  Optimized Cells/Nets  |  Dont Touch  |  Iterations  |  Elapsed   |
-----------------------------------------------------------------------------------------------------------------------------
|  Very High Fanout   |            0  |              0  |                     0  |           0  |           1  |  00:00:00  |
|  Total              |            0  |              0  |                     0  |           0  |           1  |  00:00:00  |
-----------------------------------------------------------------------------------------------------------------------------


Phase 2.2 Physical Synthesis In Placer | Checksum: 177d61f01

Time (s): cpu = 00:00:02 ; elapsed = 00:00:03 . Memory (MB): peak = 1153.609 ; gain = 2.496
Phase 2 Global Placement | Checksum: 1a0e24547

Time (s): cpu = 00:00:03 ; elapsed = 00:00:03 . Memory (MB): peak = 1153.609 ; gain = 2.496

Phase 3 Detail Placement

Phase 3.1 Commit Multi Column Macros
Phase 3.1 Commit Multi Column Macros | Checksum: 1a0e24547

Time (s): cpu = 00:00:03 ; elapsed = 00:00:03 . Memory (MB): peak = 1153.609 ; gain = 2.496

Phase 3.2 Commit Most Macros & LUTRAMs
Phase 3.2 Commit Most Macros & LUTRAMs | Checksum: 14e63d414

Time (s): cpu = 00:00:03 ; elapsed = 00:00:03 . Memory (MB): peak = 1153.609 ; gain = 2.496

Phase 3.3 Area Swap Optimization
Phase 3.3 Area Swap Optimization | Checksum: 1bb38d123

Time (s): cpu = 00:00:03 ; elapsed = 00:00:03 . Memory (MB): peak = 1153.609 ; gain = 2.496

Phase 3.4 Pipeline Register Optimization
Phase 3.4 Pipeline Register Optimization | Checksum: 1bb38d123

Time (s): cpu = 00:00:03 ; elapsed = 00:00:03 . Memory (MB): peak = 1153.609 ; gain = 2.496

Phase 3.5 Small Shape Detail Placement
Phase 3.5 Small Shape Detail Placement | Checksum: 1e94a2c58

Time (s): cpu = 00:00:03 ; elapsed = 00:00:03 . Memory (MB): peak = 1153.609 ; gain = 2.496

Phase 3.6 Re-assign LUT pins
Phase 3.6 Re-assign LUT pins | Checksum: 137c9ca5d

Time (s): cpu = 00:00:03 ; elapsed = 00:00:03 . Memory (MB): peak = 1153.609 ; gain = 2.496

Phase 3.7 Pipeline Register Optimization
Phase 3.7 Pipeline Register Optimization | Checksum: 137c9ca5d

Time (s): cpu = 00:00:03 ; elapsed = 00:00:03 . Memory (MB): peak = 1153.609 ; gain = 2.496
Phase 3 Detail Placement | Checksum: 137c9ca5d

Time (s): cpu = 00:00:03 ; elapsed = 00:00:03 . Memory (MB): peak = 1153.609 ; gain = 2.496

Phase 4 Post Placement Optimization and Clean-Up

Phase 4.1 Post Commit Optimization
INFO: [Timing 38-35] Done setting XDC timing constraints.

Phase 4.1.1 Post Placement Optimization
Post Placement Optimization Initialization | Checksum: 6e5dd75c

Phase 4.1.1.1 BUFG Insertion
INFO: [Place 46-31] BUFG insertion identified 0 candidate nets, 0 success, 0 skipped for placement/routing, 0 skipped for timing, 0 skipped for netlist change reason.
Phase 4.1.1.1 BUFG Insertion | Checksum: 6e5dd75c

Time (s): cpu = 00:00:03 ; elapsed = 00:00:03 . Memory (MB): peak = 1176.461 ; gain = 25.348
INFO: [Place 30-746] Post Placement Timing Summary WNS=5.460. For the most accurate timing information please run report_timing.
Phase 4.1.1 Post Placement Optimization | Checksum: 4da4b6b3

Time (s): cpu = 00:00:03 ; elapsed = 00:00:03 . Memory (MB): peak = 1176.461 ; gain = 25.348
Phase 4.1 Post Commit Optimization | Checksum: 4da4b6b3

Time (s): cpu = 00:00:03 ; elapsed = 00:00:03 . Memory (MB): peak = 1176.461 ; gain = 25.348

Phase 4.2 Post Placement Cleanup
Phase 4.2 Post Placement Cleanup | Checksum: 4da4b6b3

Time (s): cpu = 00:00:03 ; elapsed = 00:00:03 . Memory (MB): peak = 1176.461 ; gain = 25.348

Phase 4.3 Placer Reporting
Phase 4.3 Placer Reporting | Checksum: 4da4b6b3

Time (s): cpu = 00:00:03 ; elapsed = 00:00:03 . Memory (MB): peak = 1176.461 ; gain = 25.348

Phase 4.4 Final Placement Cleanup
Phase 4.4 Final Placement Cleanup | Checksum: ab8f0c94

Time (s): cpu = 00:00:03 ; elapsed = 00:00:03 . Memory (MB): peak = 1176.461 ; gain = 25.348
Phase 4 Post Placement Optimization and Clean-Up | Checksum: ab8f0c94

Time (s): cpu = 00:00:03 ; elapsed = 00:00:03 . Memory (MB): peak = 1176.461 ; gain = 25.348
Ending Placer Task | Checksum: a58aff36

Time (s): cpu = 00:00:03 ; elapsed = 00:00:03 . Memory (MB): peak = 1176.461 ; gain = 25.348
INFO: [Common 17-83] Releasing license: Implementation
47 Infos, 0 Warnings, 0 Critical Warnings and 0 Errors encountered.
place_design completed successfully
INFO: [Timing 38-480] Writing timing data to binary archive.
Writing placer database...
Writing XDEF routing.
Writing XDEF routing logical nets.
Writing XDEF routing special nets.
Write XDEF Complete: Time (s): cpu = 00:00:00 ; elapsed = 00:00:00.061 . Memory (MB): peak = 1184.105 ; gain = 7.645
INFO: [Common 17-1381] The checkpoint 'D:/GitHub/DigitalDesign_Diploma/Assignments/Ass4/ALSU/ALSU/ALSU.runs/impl_1/alsu_seq_placed.dcp' has been generated.
INFO: [runtcl-4] Executing : report_io -file alsu_seq_io_placed.rpt
report_io: Time (s): cpu = 00:00:00 ; elapsed = 00:00:00.094 . Memory (MB): peak = 1184.105 ; gain = 0.000
INFO: [runtcl-4] Executing : report_utilization -file alsu_seq_utilization_placed.rpt -pb alsu_seq_utilization_placed.pb
report_utilization: Time (s): cpu = 00:00:00 ; elapsed = 00:00:00.045 . Memory (MB): peak = 1184.105 ; gain = 0.000
INFO: [runtcl-4] Executing : report_control_sets -verbose -file alsu_seq_control_sets_placed.rpt
report_control_sets: Time (s): cpu = 00:00:00 ; elapsed = 00:00:00.014 . Memory (MB): peak = 1184.105 ; gain = 0.000
Command: route_design
Attempting to get a license for feature 'Implementation' and/or device 'xc7a35ti'
INFO: [Common 17-349] Got license for feature 'Implementation' and/or device 'xc7a35ti'
Running DRC as a precondition to command route_design
INFO: [DRC 23-27] Running DRC with 2 threads
INFO: [Vivado_Tcl 4-198] DRC finished with 0 Errors
INFO: [Vivado_Tcl 4-199] Please refer to the DRC report (report_drc) for more information.


Starting Routing Task
INFO: [Route 35-254] Multithreading enabled for route_design using a maximum of 2 CPUs
Checksum: PlaceDB: 179ad130 ConstDB: 0 ShapeSum: 8df02e06 RouteDB: 0

Phase 1 Build RT Design
Phase 1 Build RT Design | Checksum: 1ad5367a5

Time (s): cpu = 00:00:22 ; elapsed = 00:00:20 . Memory (MB): peak = 1276.113 ; gain = 92.008
Post Restoration Checksum: NetGraph: af515253 NumContArr: fe021552 Constraints: 0 Timing: 0

Phase 2 Router Initialization

Phase 2.1 Create Timer
Phase 2.1 Create Timer | Checksum: 1ad5367a5

Time (s): cpu = 00:00:22 ; elapsed = 00:00:20 . Memory (MB): peak = 1276.113 ; gain = 92.008

Phase 2.2 Fix Topology Constraints
Phase 2.2 Fix Topology Constraints | Checksum: 1ad5367a5

Time (s): cpu = 00:00:22 ; elapsed = 00:00:20 . Memory (MB): peak = 1282.152 ; gain = 98.047

Phase 2.3 Pre Route Cleanup
Phase 2.3 Pre Route Cleanup | Checksum: 1ad5367a5

Time (s): cpu = 00:00:22 ; elapsed = 00:00:20 . Memory (MB): peak = 1282.152 ; gain = 98.047
 Number of Nodes with overlaps = 0

Phase 2.4 Update Timing
Phase 2.4 Update Timing | Checksum: 19b59583a

Time (s): cpu = 00:00:22 ; elapsed = 00:00:20 . Memory (MB): peak = 1289.000 ; gain = 104.895
INFO: [Route 35-416] Intermediate Timing Summary | WNS=5.510  | TNS=0.000  | WHS=-0.020 | THS=-0.020 |

Phase 2 Router Initialization | Checksum: ea9a5649

Time (s): cpu = 00:00:22 ; elapsed = 00:00:20 . Memory (MB): peak = 1289.000 ; gain = 104.895

Phase 3 Initial Routing
Phase 3 Initial Routing | Checksum: 26b8bfda8

Time (s): cpu = 00:00:22 ; elapsed = 00:00:21 . Memory (MB): peak = 1289.000 ; gain = 104.895

Phase 4 Rip-up And Reroute

Phase 4.1 Global Iteration 0
 Number of Nodes with overlaps = 6
 Number of Nodes with overlaps = 0
INFO: [Route 35-416] Intermediate Timing Summary | WNS=5.611  | TNS=0.000  | WHS=N/A    | THS=N/A    |

Phase 4.1 Global Iteration 0 | Checksum: 1ad697a14

Time (s): cpu = 00:00:22 ; elapsed = 00:00:21 . Memory (MB): peak = 1289.000 ; gain = 104.895

Phase 4.2 Global Iteration 1
 Number of Nodes with overlaps = 0
INFO: [Route 35-416] Intermediate Timing Summary | WNS=5.611  | TNS=0.000  | WHS=N/A    | THS=N/A    |

Phase 4.2 Global Iteration 1 | Checksum: 121e52fd9

Time (s): cpu = 00:00:22 ; elapsed = 00:00:21 . Memory (MB): peak = 1289.000 ; gain = 104.895
Phase 4 Rip-up And Reroute | Checksum: 121e52fd9

Time (s): cpu = 00:00:22 ; elapsed = 00:00:21 . Memory (MB): peak = 1289.000 ; gain = 104.895

Phase 5 Delay and Skew Optimization

Phase 5.1 Delay CleanUp
Phase 5.1 Delay CleanUp | Checksum: 121e52fd9

Time (s): cpu = 00:00:22 ; elapsed = 00:00:21 . Memory (MB): peak = 1289.000 ; gain = 104.895

Phase 5.2 Clock Skew Optimization
Phase 5.2 Clock Skew Optimization | Checksum: 121e52fd9

Time (s): cpu = 00:00:22 ; elapsed = 00:00:21 . Memory (MB): peak = 1289.000 ; gain = 104.895
Phase 5 Delay and Skew Optimization | Checksum: 121e52fd9

Time (s): cpu = 00:00:22 ; elapsed = 00:00:21 . Memory (MB): peak = 1289.000 ; gain = 104.895

Phase 6 Post Hold Fix

Phase 6.1 Hold Fix Iter

Phase 6.1.1 Update Timing
Phase 6.1.1 Update Timing | Checksum: 100a34302

Time (s): cpu = 00:00:22 ; elapsed = 00:00:21 . Memory (MB): peak = 1289.000 ; gain = 104.895
INFO: [Route 35-416] Intermediate Timing Summary | WNS=5.690  | TNS=0.000  | WHS=0.281  | THS=0.000  |

Phase 6.1 Hold Fix Iter | Checksum: 114608f13

Time (s): cpu = 00:00:22 ; elapsed = 00:00:21 . Memory (MB): peak = 1289.000 ; gain = 104.895
Phase 6 Post Hold Fix | Checksum: 114608f13

Time (s): cpu = 00:00:22 ; elapsed = 00:00:21 . Memory (MB): peak = 1289.000 ; gain = 104.895

Phase 7 Route finalize

Router Utilization Summary
  Global Vertical Routing Utilization    = 0.103404 %
  Global Horizontal Routing Utilization  = 0.0810776 %
  Routable Net Status*
  *Does not include unroutable nets such as driverless and loadless.
  Run report_route_status for detailed report.
  Number of Failed Nets               = 0
  Number of Unrouted Nets             = 0
  Number of Partially Routed Nets     = 0
  Number of Node Overlaps             = 0

Phase 7 Route finalize | Checksum: 154c70fe5

Time (s): cpu = 00:00:22 ; elapsed = 00:00:21 . Memory (MB): peak = 1289.000 ; gain = 104.895

Phase 8 Verifying routed nets

 Verification completed successfully
Phase 8 Verifying routed nets | Checksum: 154c70fe5

Time (s): cpu = 00:00:22 ; elapsed = 00:00:21 . Memory (MB): peak = 1289.000 ; gain = 104.895

Phase 9 Depositing Routes
Phase 9 Depositing Routes | Checksum: 1976e1ad8

Time (s): cpu = 00:00:22 ; elapsed = 00:00:21 . Memory (MB): peak = 1289.000 ; gain = 104.895

Phase 10 Post Router Timing
INFO: [Route 35-57] Estimated Timing Summary | WNS=5.690  | TNS=0.000  | WHS=0.281  | THS=0.000  |

INFO: [Route 35-327] The final timing numbers are based on the router estimated timing analysis. For a complete and accurate timing signoff, please run report_timing_summary.
Phase 10 Post Router Timing | Checksum: 1976e1ad8

Time (s): cpu = 00:00:22 ; elapsed = 00:00:21 . Memory (MB): peak = 1289.000 ; gain = 104.895
INFO: [Route 35-16] Router Completed Successfully

Time (s): cpu = 00:00:22 ; elapsed = 00:00:21 . Memory (MB): peak = 1289.000 ; gain = 104.895

Routing Is Done.
INFO: [Common 17-83] Releasing license: Implementation
65 Infos, 0 Warnings, 0 Critical Warnings and 0 Errors encountered.
route_design completed successfully
route_design: Time (s): cpu = 00:00:24 ; elapsed = 00:00:22 . Memory (MB): peak = 1289.000 ; gain = 104.895
INFO: [Timing 38-480] Writing timing data to binary archive.
Writing placer database...
Writing XDEF routing.
Writing XDEF routing logical nets.
Writing XDEF routing special nets.
Write XDEF Complete: Time (s): cpu = 00:00:01 ; elapsed = 00:00:00.070 . Memory (MB): peak = 1289.000 ; gain = 0.000
INFO: [Common 17-1381] The checkpoint 'D:/GitHub/DigitalDesign_Diploma/Assignments/Ass4/ALSU/ALSU/ALSU.runs/impl_1/alsu_seq_routed.dcp' has been generated.
INFO: [runtcl-4] Executing : report_drc -file alsu_seq_drc_routed.rpt -pb alsu_seq_drc_routed.pb -rpx alsu_seq_drc_routed.rpx
Command: report_drc -file alsu_seq_drc_routed.rpt -pb alsu_seq_drc_routed.pb -rpx alsu_seq_drc_routed.rpx
INFO: [DRC 23-27] Running DRC with 2 threads
INFO: [Coretcl 2-168] The results of DRC are in file D:/GitHub/DigitalDesign_Diploma/Assignments/Ass4/ALSU/ALSU/ALSU.runs/impl_1/alsu_seq_drc_routed.rpt.
report_drc completed successfully
INFO: [runtcl-4] Executing : report_methodology -file alsu_seq_methodology_drc_routed.rpt -pb alsu_seq_methodology_drc_routed.pb -rpx alsu_seq_methodology_drc_routed.rpx
Command: report_methodology -file alsu_seq_methodology_drc_routed.rpt -pb alsu_seq_methodology_drc_routed.pb -rpx alsu_seq_methodology_drc_routed.rpx
INFO: [Timing 38-35] Done setting XDC timing constraints.
INFO: [Timing 38-35] Done setting XDC timing constraints.
INFO: [DRC 23-133] Running Methodology with 2 threads
INFO: [Coretcl 2-1520] The results of Report Methodology are in file D:/GitHub/DigitalDesign_Diploma/Assignments/Ass4/ALSU/ALSU/ALSU.runs/impl_1/alsu_seq_methodology_drc_routed.rpt.
report_methodology completed successfully
INFO: [runtcl-4] Executing : report_power -file alsu_seq_power_routed.rpt -pb alsu_seq_power_summary_routed.pb -rpx alsu_seq_power_routed.rpx
Command: report_power -file alsu_seq_power_routed.rpt -pb alsu_seq_power_summary_routed.pb -rpx alsu_seq_power_routed.rpx
INFO: [Timing 38-35] Done setting XDC timing constraints.
Running Vector-less Activity Propagation...

Finished Running Vector-less Activity Propagation
77 Infos, 0 Warnings, 0 Critical Warnings and 0 Errors encountered.
report_power completed successfully
INFO: [runtcl-4] Executing : report_route_status -file alsu_seq_route_status.rpt -pb alsu_seq_route_status.pb
INFO: [runtcl-4] Executing : report_timing_summary -max_paths 10 -file alsu_seq_timing_summary_routed.rpt -pb alsu_seq_timing_summary_routed.pb -rpx alsu_seq_timing_summary_routed.rpx -warn_on_violation 
INFO: [Timing 38-91] UpdateTimingParams: Speed grade: -1L, Delay Type: min_max, Timing Stage: Requireds.
INFO: [Timing 38-191] Multithreading enabled for timing update using a maximum of 2 CPUs
INFO: [runtcl-4] Executing : report_incremental_reuse -file alsu_seq_incremental_reuse_routed.rpt
INFO: [Vivado_Tcl 4-545] No incremental reuse to report, no incremental placement and routing data was found.
INFO: [runtcl-4] Executing : report_clock_utilization -file alsu_seq_clock_utilization_routed.rpt
INFO: [runtcl-4] Executing : report_bus_skew -warn_on_violation -file alsu_seq_bus_skew_routed.rpt -pb alsu_seq_bus_skew_routed.pb -rpx alsu_seq_bus_skew_routed.rpx
INFO: [Timing 38-91] UpdateTimingParams: Speed grade: -1L, Delay Type: min_max, Timing Stage: Requireds.
INFO: [Timing 38-191] Multithreading enabled for timing update using a maximum of 2 CPUs
INFO: [Common 17-206] Exiting Vivado at Sun Aug 10 01:36:56 2025...
