# 
# Questa Static Verification System
# Version 2021.1 4558100 win64 28-Jan-2021

log created Sat Aug  9 21:21:52 2025 by User on DESKTOP-NG8FN4D


# 
# Questa Static Verification System
# Version 2021.1 4558100 win64 28-Jan-2021

log created Sat Aug  9 21:20:10 2025 by User on DESKTOP-NG8FN4D


Command: netlist elaborate
Command arguments:
    -zdb
      D:/GitHub/DigitalDesign_Diploma/Assignments/Ass4/Simple_DSP/qcache/DB/zdb_5
    -tool lint
    -d simple_dsp
    -L work

Questa Debug flags:
 4300:  lint_gui_mode        (Default False)


## Elaborating Design...
Reading MTI mapping for library mapping
Writing all MTI mappings to vmap output ...

Top level modules:
	simple_dsp

Analyzing design...
-- Loading module z0in_work.simple_dsp

Performing 103 Lint Checks
=============================

Lint Stage 1 of 5 - Pre Design Elaboration (4 checks)
------------------------------------------------------
Optimizing 1 design-unit (inlining 0/1 module instances):
-- Optimizing module z0in_work.simple_dsp(fast)
Lint Stage-1 100% complete [Total Progress -   7%]

Lint Stage 2 of 5 - Design Elaboration (66 checks)
---------------------------------------------------
Optimized design name is zi_opt_def_1629048055_1
Lint Stage-2 100% complete (1 out of 1 modules checked) [Total Progress -  23%]
End of log Sat Aug  9 21:20:38 2025


# 
# Questa Static Verification System
# Version 2021.1 4558100 win64 28-Jan-2021

log created Sat Aug  9 21:20:44 2025 by User on DESKTOP-NG8FN4D


Command: netlist create
Command arguments:
    -zdb
      D:/GitHub/DigitalDesign_Diploma/Assignments/Ass4/Simple_DSP/qcache/DB/zdb_5
    -tool lint
    -d simple_dsp
    -L work

Questa Debug flags:
 4300:  lint_gui_mode        (Default False)


## Synthesizing netlist...

Lint Stage 3 of 5 - Post Design Elaboration (17 checks)
--------------------------------------------------------
Lint Stage-3  24% complete [Total Progress -  27%]
Lint Stage-3  47% complete [Total Progress -  29%]
Lint Stage-3  71% complete [Total Progress -  32%]
Lint Stage-3  94% complete [Total Progress -  34%]
Lint Stage-3 100% complete [Total Progress -  35%]
Analyzing designs.
Elaborating module 'simple_dsp'.

Lint Stage 4 of 5 - Design Synthesis (1 checks)
------------------------------------------------
Lint Stage-4 100% complete [Total Progress -  75%]

Lint Stage 5 of 5 - Post Design Synthesis (15 checks)
------------------------------------------------------
Lint Stage-5  20% complete [Total Progress -  88%]
Lint Stage-5  40% complete [Total Progress -  91%]
Lint Stage-5  60% complete [Total Progress -  94%]
Lint Stage-5  80% complete [Total Progress -  97%]
Lint Stage-5 100% complete [Total Progress - 100%]

Lint Checking Completed
##Time Taken (Synthesis) = 7417.000000 ticks = 7.417000 secs

End of log Sat Aug  9 21:21:12 2025


# Reading design database from D:/GitHub/DigitalDesign_Diploma/Assignments/Ass4/Simple_DSP/qcache/LINT/CACHE...completed (0.001 (s)).
End of log Sat Aug  9 21:21:20 2025


# 
# Questa Static Verification System
# Version 2021.1 4558100 win64 28-Jan-2021

log created Sat Aug  9 21:21:20 2025 by User on DESKTOP-NG8FN4D


Questa Debug flags:
 4300:  lint_gui_mode        (Default False)


## Applying Lint Waivers...
Final Process Statistics: Max memory 275MB, CPU time 73s, Total time 77s
End of log Sat Aug  9 21:21:41 2025


Result Summary
-----------------------------------------------------------
Error (0)
-----------------------------------------------------------

-----------------------------------------------------------
Warning (0)
-----------------------------------------------------------

-----------------------------------------------------------
Info (0)
-----------------------------------------------------------

-----------------------------------------------------------
Resolved (0)
-----------------------------------------------------------

# Generating Debug Information...

=================================================================
To view results in batch
  D:/GitHub/DigitalDesign_Diploma/Assignments/Ass4/Simple_DSP/lint.rpt

To view results in GUI (Beta Version) 
  qverify D:/GitHub/DigitalDesign_Diploma/Assignments/Ass4/Simple_DSP/lint.db
=================================================================
